Flutter crash report; please file at https://github.com/flutter/flutter/issues.

## command

flutter version v1.12.15

## exception

VersionCheckError: VersionCheckError: Command exited with code -9: git -c log.showSignature=false log -n 1 --pretty=format:%ad --date=iso
Standard error: 

```
#0      _runSync (package:flutter_tools/src/version.dart:543:5)
#1      FlutterVersion._latestGitCommitDate (package:flutter_tools/src/version.dart:143:12)
#2      FlutterVersion.frameworkCommitDate (package:flutter_tools/src/version.dart:133:37)
#3      FlutterVersion.toString (package:flutter_tools/src/version.dart:110:99)
#4      VersionCommand.runCommand (package:flutter_tools/src/commands/version.dart:117:32)
<asynchronous suspension>
#5      FlutterCommand.verifyThenRunCommand (package:flutter_tools/src/runner/flutter_command.dart:556:18)
<asynchronous suspension>
#6      FlutterCommand.run.<anonymous closure> (package:flutter_tools/src/runner/flutter_command.dart:456:33)
<asynchronous suspension>
#7      AppContext.run.<anonymous closure> (package:flutter_tools/src/base/context.dart:146:29)
<asynchronous suspension>
#8      _rootRun (dart:async/zone.dart:1124:13)
#9      _CustomZone.run (dart:async/zone.dart:1021:19)
#10     _runZoned (dart:async/zone.dart:1516:10)
#11     runZoned (dart:async/zone.dart:1463:12)
#12     AppContext.run (package:flutter_tools/src/base/context.dart:145:18)
<asynchronous suspension>
#13     FlutterCommand.run (package:flutter_tools/src/runner/flutter_command.dart:446:20)
#14     CommandRunner.runCommand (package:args/command_runner.dart:197:27)
<asynchronous suspension>
#15     FlutterCommandRunner.runCommand.<anonymous closure> (package:flutter_tools/src/runner/flutter_command_runner.dart:416:21)
<asynchronous suspension>
#16     AppContext.run.<anonymous closure> (package:flutter_tools/src/base/context.dart:146:29)
<asynchronous suspension>
#17     _rootRun (dart:async/zone.dart:1124:13)
#18     _CustomZone.run (dart:async/zone.dart:1021:19)
#19     _runZoned (dart:async/zone.dart:1516:10)
#20     runZoned (dart:async/zone.dart:1463:12)
#21     AppContext.run (package:flutter_tools/src/base/context.dart:145:18)
<asynchronous suspension>
#22     FlutterCommandRunner.runCommand (package:flutter_tools/src/runner/flutter_command_runner.dart:367:19)
<asynchronous suspension>
#23     CommandRunner.run.<anonymous closure> (package:args/command_runner.dart:112:25)
#24     new Future.sync (dart:async/future.dart:222:31)
#25     CommandRunner.run (package:args/command_runner.dart:112:14)
#26     FlutterCommandRunner.run (package:flutter_tools/src/runner/flutter_command_runner.dart:251:18)
#27     run.<anonymous closure>.<anonymous closure> (package:flutter_tools/runner.dart:63:22)
<asynchronous suspension>
#28     _rootRun (dart:async/zone.dart:1124:13)
#29     _CustomZone.run (dart:async/zone.dart:1021:19)
#30     _runZoned (dart:async/zone.dart:1516:10)
#31     runZoned (dart:async/zone.dart:1500:12)
#32     run.<anonymous closure> (package:flutter_tools/runner.dart:61:18)
<asynchronous suspension>
#33     AppContext.run.<anonymous closure> (package:flutter_tools/src/base/context.dart:146:29)
<asynchronous suspension>
#34     _rootRun (dart:async/zone.dart:1124:13)
#35     _CustomZone.run (dart:async/zone.dart:1021:19)
#36     _runZoned (dart:async/zone.dart:1516:10)
#37     runZoned (dart:async/zone.dart:1463:12)
#38     AppContext.run (package:flutter_tools/src/base/context.dart:145:18)
<asynchronous suspension>
#39     runInContext (package:flutter_tools/src/context_runner.dart:65:24)
<asynchronous suspension>
#40     run (package:flutter_tools/runner.dart:50:10)
#41     main (package:flutter_tools/executable.dart:65:9)
<asynchronous suspension>
#42     main (file:///opt/flutter/packages/flutter_tools/bin/flutter_tools.dart:8:3)
#43     _startIsolate.<anonymous closure> (dart:isolate-patch/isolate_patch.dart:303:32)
#44     _RawReceivePortImpl._handleMessage (dart:isolate-patch/isolate_patch.dart:172:12)
```

## flutter doctor

```
1
1
1
[31m[☠][39m Flutter (the doctor check crashed)
    [31m✗[39m Due to an error, the doctor check did not complete. If the error message below is not helpful, please let us know about this issue at
      https://github.com/flutter/flutter/issues.
    [31m✗[39m VersionCheckError: Command exited with code -9: git -c log.showSignature=false log -n 1 --pretty=format:%ad --date=iso
      Standard error: 
    [32m•[39m #0      _runSync (package:flutter_tools/src/version.dart:543:5)
      #1      FlutterVersion._latestGitCommitDate (package:flutter_tools/src/version.dart:143:12)
      #2      FlutterVersion.frameworkCommitDate (package:flutter_tools/src/version.dart:133:37)
      #3      FlutterVersion.frameworkDate (package:flutter_tools/src/version.dart:94:31)
      #4      FlutterValidator.validate (package:flutter_tools/src/doctor.dart:594:127)
      <asynchronous suspension>
      #5      asyncGuard.<anonymous closure> (package:flutter_tools/src/base/async_guard.dart:111:32)
      <asynchronous suspension>
      #6      _rootRun (dart:async/zone.dart:1124:13)
      #7      _CustomZone.run (dart:async/zone.dart:1021:19)
      #8      _runZoned (dart:async/zone.dart:1516:10)
      #9      runZoned (dart:async/zone.dart:1500:12)
      #10     asyncGuard (package:flutter_tools/src/base/async_guard.dart:109:3)
      #11     Doctor.startValidatorTasks (package:flutter_tools/src/doctor.dart:158:9)
      #12     Doctor.diagnose (package:flutter_tools/src/doctor.dart:252:41)
      <asynchronous suspension>
      #13     _doctorText.<anonymous closure> (package:flutter_tools/runner.dart:205:26)
      #14     AppContext.run.<anonymous closure> (package:flutter_tools/src/base/context.dart:146:29)
      <asynchronous suspension>
      #15     _rootRun (dart:async/zone.dart:1124:13)
      #16     _CustomZone.run (dart:async/zone.dart:1021:19)
      #17     _runZoned (dart:async/zone.dart:1516:10)
      #18     runZoned (dart:async/zone.dart:1463:12)
      #19     AppContext.run (package:flutter_tools/src/base/context.dart:145:18)
      <asynchronous suspension>
      #20     _doctorText (package:flutter_tools/runner.dart:204:19)
      <asynchronous suspension>
      #21     _createLocalCrashReport (package:flutter_tools/runner.dart:182:32)
      <asynchronous suspension>
      #22     _handleToolError (package:flutter_tools/runner.dart:138:31)
      <asynchronous suspension>
      #23     run.<anonymous closure>.<anonymous closure> (package:flutter_tools/runner.dart:68:22)
      <asynchronous suspension>
      #24     _rootRun (dart:async/zone.dart:1124:13)
      #25     _CustomZone.run (dart:async/zone.dart:1021:19)
      #26     _runZoned (dart:async/zone.dart:1516:10)
      #27     runZoned (dart:async/zone.dart:1500:12)
      #28     run.<anonymous closure> (package:flutter_tools/runner.dart:61:18)
      <asynchronous suspension>
      #29     AppContext.run.<anonymous closure> (package:flutter_tools/src/base/context.dart:146:29)
      <asynchronous suspension>
      #30     _rootRun (dart:async/zone.dart:1124:13)
      #31     _CustomZone.run (dart:async/zone.dart:1021:19)
      #32     _runZoned (dart:async/zone.dart:1516:10)
      #33     runZoned (dart:async/zone.dart:1463:12)
      #34     AppContext.run (package:flutter_tools/src/base/context.dart:145:18)
      <asynchronous suspension>
      #35     runInContext (package:flutter_tools/src/context_runner.dart:65:24)
      <asynchronous suspension>
      #36     run (package:flutter_tools/runner.dart:50:10)
      #37     main (package:flutter_tools/executable.dart:65:9)
      <asynchronous suspension>
      #38     main (file:///opt/flutter/packages/flutter_tools/bin/flutter_tools.dart:8:3)
      #39     _startIsolate.<anonymous closure> (dart:isolate-patch/isolate_patch.dart:303:32)
      #40     _RawReceivePortImpl._handleMessage (dart:isolate-patch/isolate_patch.dart:172:12)


[33m[!][39m Android toolchain - develop for Android devices (Android SDK version 28.0.3)
    [32m•[39m Android SDK at /Users/daniel/Library/Android/sdk
    [32m•[39m Android NDK location not configured (optional; useful for native profiling support)
    [32m•[39m Platform android-29, build-tools 28.0.3
    [32m•[39m ANDROID_HOME = /Users/daniel/Library/Android/sdk
    [32m•[39m ANDROID_SDK_ROOT = /Users/daniel/Library/Android/sdk
    [32m•[39m Java binary at: /Library/Java/JavaVirtualMachines/jdk1.8.0_131.jdk/Contents/Home/bin/java
    [31m✗[39m Could not determine java version

[31m[✗][39m Xcode - develop for iOS and macOS
    [31m✗[39m Xcode installation is incomplete; a full installation is necessary for iOS development.
      Download at: https://developer.apple.com/xcode/download/
      Or install Xcode via the App Store.
      Once installed, run:
        sudo xcode-select --switch /Applications/Xcode.app/Contents/Developer
    [31m✗[39m CocoaPods not installed.
        CocoaPods is used to retrieve the iOS and macOS platform side's plugin code that responds to your plugin usage on the Dart side.
        Without CocoaPods, plugins will not work on iOS or macOS.
        For more info, see https://flutter.dev/platform-plugins
      To install:
        sudo gem install cocoapods

[32m[✓][39m Chrome - develop for the web
    [32m•[39m Chrome at /Applications/Google Chrome.app/Contents/MacOS/Google Chrome

[33m[!][39m Android Studio
    [32m•[39m Android Studio at /Applications/Android Studio.app/Contents
    [31m✗[39m Flutter plugin not installed; this adds Flutter specific functionality.
    [31m✗[39m Dart plugin not installed; this adds Dart specific functionality.
    [31m✗[39m Unable to determine bundled Java version.
    [32m•[39m Try updating or re-installing Android Studio.

[32m[✓][39m VS Code (version 1.40.2)
    [32m•[39m VS Code at /Applications/Visual Studio Code.app/Contents
    [32m•[39m Flutter extension version 3.7.1

[31m[☠][39m Connected device (the doctor check crashed)
    [31m✗[39m Due to an error, the doctor check did not complete. If the error message below is not helpful, please let us know about this issue at
      https://github.com/flutter/flutter/issues.
    [31m✗[39m Exception: Unable to run "adb", check your Android SDK installation and ANDROID_HOME environment variable:
      /Users/daniel/Library/Android/sdk/platform-tools/adb
    [32m•[39m #0      throwToolExit (package:flutter_tools/src/base/common.dart:28:3)
      #1      getAdbDevices (package:flutter_tools/src/android/android_device.dart:725:5)
      #2      AndroidDevices.pollingGetDevices (package:flutter_tools/src/android/android_device.dart:65:53)
      <asynchronous suspension>
      #3      PollingDeviceDiscovery.devices (package:flutter_tools/src/device.dart:285:52)
      <asynchronous suspension>
      #4      DeviceManager.getAllConnectedDevices (package:flutter_tools/src/device.dart:140:46)
      <asynchronous suspension>
      #5      DeviceValidator.validate (package:flutter_tools/src/doctor.dart:842:54)
      <asynchronous suspension>
      #6      asyncGuard.<anonymous closure> (package:flutter_tools/src/base/async_guard.dart:111:32)
      <asynchronous suspension>
      #7      _rootRun (dart:async/zone.dart:1124:13)
      #8      _CustomZone.run (dart:async/zone.dart:1021:19)
      #9      _runZoned (dart:async/zone.dart:1516:10)
      #10     runZoned (dart:async/zone.dart:1500:12)
      #11     asyncGuard (package:flutter_tools/src/base/async_guard.dart:109:3)
      #12     Doctor.startValidatorTasks (package:flutter_tools/src/doctor.dart:158:9)
      #13     Doctor.diagnose (package:flutter_tools/src/doctor.dart:252:41)
      #14     _AsyncAwaitCompleter.start (dart:async-patch/async_patch.dart:43:6)
      #15     Doctor.diagnose (package:flutter_tools/src/doctor.dart:241:24)
      #16     _doctorText.<anonymous closure> (package:flutter_tools/runner.dart:205:26)
      #17     AppContext.run.<anonymous closure> (package:flutter_tools/src/base/context.dart:146:29)
      #18     _AsyncAwaitCompleter.start (dart:async-patch/async_patch.dart:43:6)
      #19     AppContext.run.<anonymous closure> (package:flutter_tools/src/base/context.dart:146:7)
      #20     _rootRun (dart:async/zone.dart:1124:13)
      #21     _CustomZone.run (dart:async/zone.dart:1021:19)
      #22     _runZoned (dart:async/zone.dart:1516:10)
      #23     runZoned (dart:async/zone.dart:1463:12)
      #24     AppContext.run (package:flutter_tools/src/base/context.dart:145:18)
      #25     _AsyncAwaitCompleter.start (dart:async-patch/async_patch.dart:43:6)
      #26     AppContext.run (package:flutter_tools/src/base/context.dart:132:19)
      #27     _doctorText (package:flutter_tools/runner.dart:204:19)
      #28     _AsyncAwaitCompleter.start (dart:async-patch/async_patch.dart:43:6)
      #29     _doctorText (package:flutter_tools/runner.dart:200:27)
      #30     _createLocalCrashReport (package:flutter_tools/runner.dart:182:32)
      #31     _AsyncAwaitCompleter.start (dart:async-patch/async_patch.dart:43:6)
      #32     _createLocalCrashReport (package:flutter_tools/runner.dart:167:37)
      #33     _handleToolError (package:flutter_tools/runner.dart:138:31)
      #34     _asyncThenWrapperHelper.<anonymous closure> (dart:async-patch/async_patch.dart:71:64)
      #35     _rootRunUnary (dart:async/zone.dart:1132:38)
      #36     _CustomZone.runUnary (dart:async/zone.dart:1029:19)
      #37     _FutureListener.handleValue (dart:async/future_impl.dart:137:18)
      #38     Future._propagateToListeners.handleValueCallback (dart:async/future_impl.dart:678:45)
      #39     Future._propagateToListeners (dart:async/future_impl.dart:707:32)
      #40     Future._completeWithValue (dart:async/future_impl.dart:522:5)
      #41     Future._asyncComplete.<anonymous closure> (dart:async/future_impl.dart:552:7)
      #42     _rootRun (dart:async/zone.dart:1124:13)
      #43     _CustomZone.run (dart:async/zone.dart:1021:19)
      #44     _CustomZone.runGuarded (dart:async/zone.dart:923:7)
      #45     _CustomZone.bindCallbackGuarded.<anonymous closure> (dart:async/zone.dart:963:23)
      #46     _microtaskLoop (dart:async/schedule_microtask.dart:41:21)
      #47     _startMicrotaskLoop (dart:async/schedule_microtask.dart:50:5)
      #48     _runPendingImmediateCallback (dart:isolate-patch/isolate_patch.dart:116:13)
      #49     _RawReceivePortImpl._handleMessage (dart:isolate-patch/isolate_patch.dart:173:5)


[33m![39m Doctor found issues in 5 categories.
```
